<?xml version="1.0" encoding="UTF-8"?>
<!-- Generated by org.testng.reporters.JUnitXMLReporter -->
<testsuite ignored="0" hostname="DESKTOP-7H4IG7D" failures="0" tests="10" name="BuggyCars Test" time="100.503" errors="0" timestamp="2022-07-21T09:45:52 GST">
  <testcase classname="com.buggyCars.tests.Login" name="invalidLogin" time="1.795"/>
  <testcase classname="com.buggyCars.tests.Login" name="validLogin" time="2.865"/>
  <testcase classname="com.buggyCars.tests.Login" name="logout" time="2.75"/>
  <testcase classname="com.buggyCars.tests.Navigation" name="overallRatingNavigation" time="0.902"/>
  <testcase classname="com.buggyCars.tests.Navigation" name="popularMakeNavigation" time="0.892"/>
  <testcase classname="com.buggyCars.tests.Navigation" name="popularModelNavigation" time="1.084"/>
  <testcase classname="com.buggyCars.tests.Profile" name="pwdRest" time="9.004"/>
  <testcase classname="com.buggyCars.tests.Registration" name="registration" time="2.994"/>
  <testcase classname="com.buggyCars.tests.VoteAfterLogin" name="validVote" time="32.554"/>
  <testcase classname="com.buggyCars.tests.VoteWithoutLogin" name="invalidVote" time="6.198"/>
</testsuite> <!-- BuggyCars Test -->
